0 info it worked if it ends with ok
1 verbose cli [ '/usr/local/bin/node', '/usr/local/bin/npm', 'run', 'jalankan' ]
2 info using npm@4.0.5
3 info using node@v7.4.0
4 verbose run-script [ 'prejalankan', 'jalankan', 'postjalankan' ]
5 info lifecycle express-url-shortener@0.0.0~prejalankan: express-url-shortener@0.0.0
6 silly lifecycle express-url-shortener@0.0.0~prejalankan: no script for prejalankan, continuing
7 info lifecycle express-url-shortener@0.0.0~jalankan: express-url-shortener@0.0.0
8 verbose lifecycle express-url-shortener@0.0.0~jalankan: unsafe-perm in lifecycle true
9 verbose lifecycle express-url-shortener@0.0.0~jalankan: PATH: /usr/local/lib/node_modules/npm/bin/node-gyp-bin:/home/yangini/Documents/week4/express-url-shortener/node_modules/.bin:/home/yangini/bin:/home/yangini/.local/bin:/usr/local/sbin:/usr/local/bin:/usr/sbin:/usr/bin:/sbin:/bin:/usr/games:/usr/local/games
10 verbose lifecycle express-url-shortener@0.0.0~jalankan: CWD: /home/yangini/Documents/week4/express-url-shortener
11 silly lifecycle express-url-shortener@0.0.0~jalankan: Args: [ '-c', 'nodeemon ./bin/www' ]
12 info lifecycle express-url-shortener@0.0.0~jalankan: Failed to exec jalankan script
13 verbose stack Error: express-url-shortener@0.0.0 jalankan: `nodeemon ./bin/www`
13 verbose stack spawn ENOENT
13 verbose stack     at ChildProcess.<anonymous> (/usr/local/lib/node_modules/npm/lib/utils/spawn.js:33:16)
13 verbose stack     at emitTwo (events.js:106:13)
13 verbose stack     at ChildProcess.emit (events.js:191:7)
13 verbose stack     at maybeClose (internal/child_process.js:885:16)
13 verbose stack     at Process.ChildProcess._handle.onexit (internal/child_process.js:226:5)
14 verbose pkgid express-url-shortener@0.0.0
15 verbose cwd /home/yangini/Documents/week4/express-url-shortener
16 error Linux 4.4.0-53-generic
17 error argv "/usr/local/bin/node" "/usr/local/bin/npm" "run" "jalankan"
18 error node v7.4.0
19 error npm  v4.0.5
20 error file sh
21 error code ELIFECYCLE
22 error errno ENOENT
23 error syscall spawn
24 error express-url-shortener@0.0.0 jalankan: `nodeemon ./bin/www`
24 error spawn ENOENT
25 error Failed at the express-url-shortener@0.0.0 jalankan script 'nodeemon ./bin/www'.
25 error Make sure you have the latest version of node.js and npm installed.
25 error If you do, this is most likely a problem with the express-url-shortener package,
25 error not with npm itself.
25 error Tell the author that this fails on your system:
25 error     nodeemon ./bin/www
25 error You can get information on how to open an issue for this project with:
25 error     npm bugs express-url-shortener
25 error Or if that isn't available, you can get their info via:
25 error     npm owner ls express-url-shortener
25 error There is likely additional logging output above.
26 verbose exit [ 1, true ]
